{"tasks/istanbul.js":{"path":"tasks/istanbul.js","s":{"1":1,"2":1,"3":1,"4":1,"5":1,"6":1,"7":1,"8":1,"9":1,"10":0,"11":0,"12":0,"13":0,"14":0,"15":0,"16":1,"17":0,"18":0,"19":0,"20":0,"21":0,"22":0,"23":1,"24":0,"25":0,"26":0,"27":0,"28":0,"29":1,"30":0,"31":0,"32":0,"33":0,"34":0,"35":0,"36":1,"37":2,"38":0,"39":2,"40":2,"41":1,"42":1,"43":1,"44":1,"45":1,"46":1,"47":1,"48":1,"49":1,"50":1,"51":1,"52":1,"53":1,"54":1,"55":1,"56":2,"57":2,"58":2,"59":2,"60":1,"61":1,"62":0,"63":0,"64":0,"65":0,"66":0,"67":0,"68":0,"69":0,"70":0,"71":0,"72":0},"b":{"1":[0,0],"2":[0,2],"3":[1,0]},"f":{"1":1,"2":0,"3":0,"4":0,"5":0,"6":2,"7":1,"8":1,"9":1,"10":1,"11":1,"12":1,"13":1,"14":2,"15":2,"16":1,"17":0,"18":0,"19":0,"20":0,"21":0,"22":0},"fnMap":{"1":{"name":"(anonymous_1)","line":8,"loc":{"start":{"line":8,"column":17},"end":{"line":8,"column":33}}},"2":{"name":"(anonymous_2)","line":25,"loc":{"start":{"line":25,"column":6},"end":{"line":25,"column":23}}},"3":{"name":"(anonymous_3)","line":38,"loc":{"start":{"line":38,"column":67},"end":{"line":39,"column":14}}},"4":{"name":"(anonymous_4)","line":48,"loc":{"start":{"line":48,"column":68},"end":{"line":49,"column":14}}},"5":{"name":"(anonymous_5)","line":64,"loc":{"start":{"line":64,"column":59},"end":{"line":64,"column":76}}},"6":{"name":"flowEnd","line":80,"loc":{"start":{"line":80,"column":2},"end":{"line":80,"column":30}}},"7":{"name":"(anonymous_7)","line":89,"loc":{"start":{"line":89,"column":37},"end":{"line":89,"column":68}}},"8":{"name":"readFile","line":90,"loc":{"start":{"line":90,"column":24},"end":{"line":90,"column":48}}},"9":{"name":"instrument","line":95,"loc":{"start":{"line":95,"column":7},"end":{"line":95,"column":30}}},"10":{"name":"write","line":102,"loc":{"start":{"line":102,"column":7},"end":{"line":102,"column":30}}},"11":{"name":"end","line":108,"loc":{"start":{"line":108,"column":7},"end":{"line":108,"column":22}}},"12":{"name":"(anonymous_12)","line":112,"loc":{"start":{"line":112,"column":9},"end":{"line":112,"column":28}}},"13":{"name":"(anonymous_13)","line":113,"loc":{"start":{"line":113,"column":31},"end":{"line":113,"column":53}}},"14":{"name":"(anonymous_14)","line":119,"loc":{"start":{"line":119,"column":40},"end":{"line":119,"column":74}}},"15":{"name":"write_json","line":120,"loc":{"start":{"line":120,"column":9},"end":{"line":120,"column":34}}},"16":{"name":"(anonymous_16)","line":124,"loc":{"start":{"line":124,"column":7},"end":{"line":124,"column":18}}},"17":{"name":"(anonymous_17)","line":129,"loc":{"start":{"line":129,"column":37},"end":{"line":129,"column":68}}},"18":{"name":"(anonymous_18)","line":130,"loc":{"start":{"line":130,"column":9},"end":{"line":130,"column":28}}},"19":{"name":"(anonymous_19)","line":131,"loc":{"start":{"line":131,"column":31},"end":{"line":131,"column":53}}},"20":{"name":"report","line":135,"loc":{"start":{"line":135,"column":7},"end":{"line":135,"column":29}}},"21":{"name":"(anonymous_21)","line":137,"loc":{"start":{"line":137,"column":19},"end":{"line":137,"column":34}}},"22":{"name":"(anonymous_22)","line":143,"loc":{"start":{"line":143,"column":7},"end":{"line":143,"column":18}}}},"statementMap":{"1":{"start":{"line":8,"column":0},"end":{"line":147,"column":2}},"2":{"start":{"line":9,"column":2},"end":{"line":9,"column":15}},"3":{"start":{"line":11,"column":2},"end":{"line":11,"column":25}},"4":{"start":{"line":12,"column":2},"end":{"line":12,"column":29}},"5":{"start":{"line":14,"column":2},"end":{"line":14,"column":33}},"6":{"start":{"line":15,"column":2},"end":{"line":15,"column":29}},"7":{"start":{"line":17,"column":2},"end":{"line":17,"column":37}},"8":{"start":{"line":18,"column":2},"end":{"line":18,"column":57}},"9":{"start":{"line":24,"column":2},"end":{"line":36,"column":9}},"10":{"start":{"line":26,"column":8},"end":{"line":26,"column":37}},"11":{"start":{"line":27,"column":8},"end":{"line":27,"column":33}},"12":{"start":{"line":28,"column":8},"end":{"line":28,"column":38}},"13":{"start":{"line":29,"column":8},"end":{"line":32,"column":11}},"14":{"start":{"line":33,"column":8},"end":{"line":33,"column":53}},"15":{"start":{"line":34,"column":8},"end":{"line":35,"column":22}},"16":{"start":{"line":38,"column":2},"end":{"line":46,"column":5}},"17":{"start":{"line":40,"column":4},"end":{"line":40,"column":37}},"18":{"start":{"line":41,"column":4},"end":{"line":41,"column":29}},"19":{"start":{"line":42,"column":4},"end":{"line":42,"column":33}},"20":{"start":{"line":43,"column":4},"end":{"line":43,"column":48}},"21":{"start":{"line":44,"column":4},"end":{"line":44,"column":26}},"22":{"start":{"line":45,"column":4},"end":{"line":45,"column":19}},"23":{"start":{"line":48,"column":2},"end":{"line":62,"column":5}},"24":{"start":{"line":50,"column":4},"end":{"line":54,"column":7}},"25":{"start":{"line":55,"column":4},"end":{"line":55,"column":49}},"26":{"start":{"line":56,"column":4},"end":{"line":61,"column":5}},"27":{"start":{"line":57,"column":6},"end":{"line":58,"column":20}},"28":{"start":{"line":60,"column":6},"end":{"line":60,"column":64}},"29":{"start":{"line":64,"column":2},"end":{"line":75,"column":5}},"30":{"start":{"line":65,"column":4},"end":{"line":65,"column":31}},"31":{"start":{"line":66,"column":4},"end":{"line":66,"column":29}},"32":{"start":{"line":67,"column":4},"end":{"line":67,"column":34}},"33":{"start":{"line":68,"column":4},"end":{"line":71,"column":7}},"34":{"start":{"line":72,"column":4},"end":{"line":72,"column":49}},"35":{"start":{"line":73,"column":4},"end":{"line":74,"column":18}},"36":{"start":{"line":80,"column":2},"end":{"line":87,"column":3}},"37":{"start":{"line":81,"column":4},"end":{"line":85,"column":5}},"38":{"start":{"line":82,"column":6},"end":{"line":82,"column":28}},"39":{"start":{"line":84,"column":6},"end":{"line":84,"column":21}},"40":{"start":{"line":86,"column":4},"end":{"line":86,"column":11}},"41":{"start":{"line":89,"column":2},"end":{"line":117,"column":5}},"42":{"start":{"line":90,"column":4},"end":{"line":110,"column":7}},"43":{"start":{"line":91,"column":6},"end":{"line":94,"column":10}},"44":{"start":{"line":96,"column":6},"end":{"line":96,"column":57}},"45":{"start":{"line":97,"column":6},"end":{"line":97,"column":60}},"46":{"start":{"line":98,"column":6},"end":{"line":101,"column":10}},"47":{"start":{"line":103,"column":6},"end":{"line":104,"column":48}},"48":{"start":{"line":105,"column":6},"end":{"line":105,"column":52}},"49":{"start":{"line":106,"column":6},"end":{"line":106,"column":42}},"50":{"start":{"line":107,"column":6},"end":{"line":107,"column":64}},"51":{"start":{"line":109,"column":6},"end":{"line":109,"column":46}},"52":{"start":{"line":112,"column":4},"end":{"line":116,"column":20}},"53":{"start":{"line":113,"column":6},"end":{"line":115,"column":9}},"54":{"start":{"line":114,"column":8},"end":{"line":114,"column":54}},"55":{"start":{"line":119,"column":2},"end":{"line":127,"column":5}},"56":{"start":{"line":120,"column":4},"end":{"line":126,"column":17}},"57":{"start":{"line":121,"column":6},"end":{"line":121,"column":57}},"58":{"start":{"line":122,"column":6},"end":{"line":122,"column":43}},"59":{"start":{"line":123,"column":6},"end":{"line":123,"column":73}},"60":{"start":{"line":125,"column":6},"end":{"line":125,"column":30}},"61":{"start":{"line":129,"column":2},"end":{"line":146,"column":5}},"62":{"start":{"line":130,"column":4},"end":{"line":145,"column":14}},"63":{"start":{"line":131,"column":6},"end":{"line":134,"column":9}},"64":{"start":{"line":132,"column":8},"end":{"line":132,"column":51}},"65":{"start":{"line":133,"column":8},"end":{"line":133,"column":54}},"66":{"start":{"line":136,"column":6},"end":{"line":136,"column":47}},"67":{"start":{"line":137,"column":6},"end":{"line":139,"column":9}},"68":{"start":{"line":138,"column":8},"end":{"line":138,"column":40}},"69":{"start":{"line":140,"column":6},"end":{"line":140,"column":67}},"70":{"start":{"line":141,"column":6},"end":{"line":141,"column":44}},"71":{"start":{"line":142,"column":6},"end":{"line":142,"column":18}},"72":{"start":{"line":144,"column":6},"end":{"line":144,"column":30}}},"branchMap":{"1":{"line":56,"type":"if","locations":[{"start":{"line":56,"column":4},"end":{"line":56,"column":4}},{"start":{"line":56,"column":4},"end":{"line":56,"column":4}}]},"2":{"line":81,"type":"if","locations":[{"start":{"line":81,"column":4},"end":{"line":81,"column":4}},{"start":{"line":81,"column":4},"end":{"line":81,"column":4}}]},"3":{"line":103,"type":"cond-expr","locations":[{"start":{"line":103,"column":71},"end":{"line":104,"column":32}},{"start":{"line":104,"column":35},"end":{"line":104,"column":46}}]}}}}