{"tasks/helpers.js":{"path":"tasks/helpers.js","s":{"1":1,"2":1,"3":1,"4":1,"5":1,"6":1,"7":1,"8":0,"9":0,"10":0,"11":0,"12":1,"13":0,"14":0,"15":0,"16":0,"17":0,"18":0,"19":0,"20":0,"21":0,"22":0,"23":0,"24":0,"25":0,"26":0,"27":0,"28":0,"29":0,"30":0,"31":0,"32":0,"33":0,"34":0,"35":0,"36":0,"37":0,"38":0,"39":0,"40":0,"41":0},"b":{"1":[0,0],"2":[0,0]},"f":{"1":1,"2":0,"3":0,"4":0,"5":0,"6":0,"7":0,"8":0,"9":0,"10":0,"11":0,"12":0,"13":0,"14":0,"15":0,"16":0,"17":0,"18":0},"fnMap":{"1":{"name":"(anonymous_1)","line":1,"loc":{"start":{"line":1,"column":15},"end":{"line":1,"column":31}}},"2":{"name":"flowEnd","line":10,"loc":{"start":{"line":10,"column":2},"end":{"line":10,"column":30}}},"3":{"name":"(anonymous_3)","line":20,"loc":{"start":{"line":20,"column":17},"end":{"line":20,"column":48}}},"4":{"name":"readFile","line":21,"loc":{"start":{"line":21,"column":26},"end":{"line":21,"column":50}}},"5":{"name":"instrument","line":26,"loc":{"start":{"line":26,"column":9},"end":{"line":26,"column":32}}},"6":{"name":"write","line":33,"loc":{"start":{"line":33,"column":9},"end":{"line":33,"column":32}}},"7":{"name":"end","line":39,"loc":{"start":{"line":39,"column":9},"end":{"line":39,"column":24}}},"8":{"name":"(anonymous_8)","line":42,"loc":{"start":{"line":42,"column":11},"end":{"line":42,"column":30}}},"9":{"name":"(anonymous_9)","line":43,"loc":{"start":{"line":43,"column":33},"end":{"line":43,"column":55}}},"10":{"name":"(anonymous_10)","line":48,"loc":{"start":{"line":48,"column":20},"end":{"line":48,"column":54}}},"11":{"name":"write_json","line":49,"loc":{"start":{"line":49,"column":11},"end":{"line":49,"column":36}}},"12":{"name":"(anonymous_12)","line":53,"loc":{"start":{"line":53,"column":9},"end":{"line":53,"column":20}}},"13":{"name":"(anonymous_13)","line":57,"loc":{"start":{"line":57,"column":17},"end":{"line":57,"column":48}}},"14":{"name":"(anonymous_14)","line":58,"loc":{"start":{"line":58,"column":11},"end":{"line":58,"column":30}}},"15":{"name":"(anonymous_15)","line":59,"loc":{"start":{"line":59,"column":33},"end":{"line":59,"column":55}}},"16":{"name":"report","line":63,"loc":{"start":{"line":63,"column":9},"end":{"line":63,"column":31}}},"17":{"name":"(anonymous_17)","line":65,"loc":{"start":{"line":65,"column":21},"end":{"line":65,"column":36}}},"18":{"name":"(anonymous_18)","line":71,"loc":{"start":{"line":71,"column":9},"end":{"line":71,"column":20}}}},"statementMap":{"1":{"start":{"line":1,"column":0},"end":{"line":76,"column":2}},"2":{"start":{"line":2,"column":2},"end":{"line":2,"column":25}},"3":{"start":{"line":3,"column":2},"end":{"line":3,"column":29}},"4":{"start":{"line":5,"column":2},"end":{"line":5,"column":33}},"5":{"start":{"line":6,"column":2},"end":{"line":6,"column":29}},"6":{"start":{"line":8,"column":2},"end":{"line":8,"column":37}},"7":{"start":{"line":10,"column":2},"end":{"line":17,"column":3}},"8":{"start":{"line":11,"column":4},"end":{"line":15,"column":5}},"9":{"start":{"line":12,"column":6},"end":{"line":12,"column":28}},"10":{"start":{"line":14,"column":6},"end":{"line":14,"column":21}},"11":{"start":{"line":16,"column":4},"end":{"line":16,"column":11}},"12":{"start":{"line":19,"column":2},"end":{"line":75,"column":4}},"13":{"start":{"line":21,"column":6},"end":{"line":41,"column":9}},"14":{"start":{"line":22,"column":8},"end":{"line":25,"column":12}},"15":{"start":{"line":27,"column":8},"end":{"line":27,"column":59}},"16":{"start":{"line":28,"column":8},"end":{"line":28,"column":62}},"17":{"start":{"line":29,"column":8},"end":{"line":32,"column":12}},"18":{"start":{"line":34,"column":8},"end":{"line":35,"column":50}},"19":{"start":{"line":36,"column":8},"end":{"line":36,"column":54}},"20":{"start":{"line":37,"column":8},"end":{"line":37,"column":44}},"21":{"start":{"line":38,"column":8},"end":{"line":38,"column":66}},"22":{"start":{"line":40,"column":8},"end":{"line":40,"column":48}},"23":{"start":{"line":42,"column":6},"end":{"line":46,"column":22}},"24":{"start":{"line":43,"column":8},"end":{"line":45,"column":11}},"25":{"start":{"line":44,"column":10},"end":{"line":44,"column":56}},"26":{"start":{"line":49,"column":6},"end":{"line":55,"column":19}},"27":{"start":{"line":50,"column":8},"end":{"line":50,"column":59}},"28":{"start":{"line":51,"column":8},"end":{"line":51,"column":45}},"29":{"start":{"line":52,"column":8},"end":{"line":52,"column":75}},"30":{"start":{"line":54,"column":8},"end":{"line":54,"column":32}},"31":{"start":{"line":58,"column":6},"end":{"line":73,"column":16}},"32":{"start":{"line":59,"column":8},"end":{"line":62,"column":11}},"33":{"start":{"line":60,"column":10},"end":{"line":60,"column":53}},"34":{"start":{"line":61,"column":10},"end":{"line":61,"column":56}},"35":{"start":{"line":64,"column":8},"end":{"line":64,"column":49}},"36":{"start":{"line":65,"column":8},"end":{"line":67,"column":11}},"37":{"start":{"line":66,"column":10},"end":{"line":66,"column":42}},"38":{"start":{"line":68,"column":8},"end":{"line":68,"column":69}},"39":{"start":{"line":69,"column":8},"end":{"line":69,"column":46}},"40":{"start":{"line":70,"column":8},"end":{"line":70,"column":20}},"41":{"start":{"line":72,"column":8},"end":{"line":72,"column":32}}},"branchMap":{"1":{"line":11,"type":"if","locations":[{"start":{"line":11,"column":4},"end":{"line":11,"column":4}},{"start":{"line":11,"column":4},"end":{"line":11,"column":4}}]},"2":{"line":34,"type":"cond-expr","locations":[{"start":{"line":34,"column":73},"end":{"line":35,"column":34}},{"start":{"line":35,"column":37},"end":{"line":35,"column":48}}]}}},"tasks/istanbul.js":{"path":"tasks/istanbul.js","s":{"1":1,"2":1,"3":1,"4":1,"5":0,"6":0,"7":0,"8":0,"9":0,"10":0,"11":1,"12":0,"13":0,"14":0,"15":0,"16":0,"17":0,"18":1,"19":0,"20":0,"21":0,"22":0,"23":0,"24":1,"25":0,"26":0,"27":0,"28":0,"29":0,"30":0},"b":{"1":[0,0]},"f":{"1":1,"2":0,"3":0,"4":0,"5":0},"fnMap":{"1":{"name":"(anonymous_1)","line":8,"loc":{"start":{"line":8,"column":17},"end":{"line":8,"column":33}}},"2":{"name":"(anonymous_2)","line":14,"loc":{"start":{"line":14,"column":10},"end":{"line":14,"column":27}}},"3":{"name":"(anonymous_3)","line":27,"loc":{"start":{"line":27,"column":67},"end":{"line":28,"column":14}}},"4":{"name":"(anonymous_4)","line":37,"loc":{"start":{"line":37,"column":68},"end":{"line":38,"column":14}}},"5":{"name":"(anonymous_5)","line":52,"loc":{"start":{"line":52,"column":59},"end":{"line":52,"column":76}}}},"statementMap":{"1":{"start":{"line":8,"column":0},"end":{"line":63,"column":2}},"2":{"start":{"line":9,"column":2},"end":{"line":9,"column":15}},"3":{"start":{"line":11,"column":2},"end":{"line":11,"column":48}},"4":{"start":{"line":12,"column":2},"end":{"line":25,"column":13}},"5":{"start":{"line":15,"column":12},"end":{"line":15,"column":41}},"6":{"start":{"line":16,"column":12},"end":{"line":16,"column":37}},"7":{"start":{"line":17,"column":12},"end":{"line":17,"column":42}},"8":{"start":{"line":18,"column":12},"end":{"line":21,"column":15}},"9":{"start":{"line":22,"column":12},"end":{"line":22,"column":57}},"10":{"start":{"line":23,"column":12},"end":{"line":24,"column":26}},"11":{"start":{"line":27,"column":2},"end":{"line":35,"column":5}},"12":{"start":{"line":29,"column":4},"end":{"line":29,"column":37}},"13":{"start":{"line":30,"column":4},"end":{"line":30,"column":29}},"14":{"start":{"line":31,"column":4},"end":{"line":31,"column":33}},"15":{"start":{"line":32,"column":4},"end":{"line":32,"column":48}},"16":{"start":{"line":33,"column":4},"end":{"line":33,"column":26}},"17":{"start":{"line":34,"column":4},"end":{"line":34,"column":19}},"18":{"start":{"line":37,"column":2},"end":{"line":50,"column":5}},"19":{"start":{"line":39,"column":4},"end":{"line":43,"column":7}},"20":{"start":{"line":44,"column":4},"end":{"line":44,"column":49}},"21":{"start":{"line":45,"column":4},"end":{"line":49,"column":5}},"22":{"start":{"line":46,"column":6},"end":{"line":46,"column":79}},"23":{"start":{"line":48,"column":6},"end":{"line":48,"column":64}},"24":{"start":{"line":52,"column":2},"end":{"line":62,"column":5}},"25":{"start":{"line":53,"column":4},"end":{"line":53,"column":31}},"26":{"start":{"line":54,"column":4},"end":{"line":54,"column":29}},"27":{"start":{"line":55,"column":4},"end":{"line":55,"column":34}},"28":{"start":{"line":56,"column":4},"end":{"line":59,"column":7}},"29":{"start":{"line":60,"column":4},"end":{"line":60,"column":49}},"30":{"start":{"line":61,"column":4},"end":{"line":61,"column":76}}},"branchMap":{"1":{"line":45,"type":"if","locations":[{"start":{"line":45,"column":4},"end":{"line":45,"column":4}},{"start":{"line":45,"column":4},"end":{"line":45,"column":4}}]}}}}